<?xml version="1.0" encoding="UTF-8"?>
<!-- Generated by org.testng.reporters.JUnitXMLReporter -->
<testsuite ignored="0" hostname="LAPTOP-HSEHE341" failures="1" tests="1" name="Default test" time="20.455" errors="0" timestamp="2022-01-09T20:22:03 IST">
  <testcase classname="io.cucumber.testng.AbstractTestNGCucumberTests" name="runScenario" time="19.903">
    <failure type="java.lang.AssertionError" message="expected [false] but found [true]">
      <![CDATA[java.lang.AssertionError: expected [false] but found [true]
at org.testng.Assert.fail(Assert.java:99)
at org.testng.Assert.failNotEquals(Assert.java:1037)
at org.testng.Assert.assertFalse(Assert.java:67)
at org.testng.Assert.assertFalse(Assert.java:77)
at org.testng.asserts.Assertion$4.doAssert(Assertion.java:116)
at org.testng.asserts.Assertion.executeAssert(Assertion.java:25)
at org.testng.asserts.Assertion.doAssert(Assertion.java:12)
at org.testng.asserts.Assertion.assertFalse(Assertion.java:112)
at com.ebanking.testCases.TC_LoginPage_1.user_can_verify_the_title(TC_LoginPage_1.java:130)
at ✽.user can verify the title(file:///D:/git/BDD_YOUTUBE_ENGLISH/Ebankproject/src/test/resources/Features/LoginPage.feature:9)
]]>
    </failure>
  </testcase> <!-- runScenario -->
</testsuite> <!-- Default test -->
