<?xml version="1.0" encoding="UTF-8"?>
<testng-results ignored="0" total="1" passed="1" failed="0" skipped="0">
  <reporter-output>
  </reporter-output>
  <suite started-at="2022-01-09T21:16:47 IST" name="Default suite" finished-at="2022-01-09T21:19:21 IST" duration-ms="154272">
    <groups>
      <group name="cucumber">
        <method signature="AbstractTestNGCucumberTests.runScenario(io.cucumber.testng.PickleWrapper,io.cucumber.testng.FeatureWrapper)[pri:0, instance:com.ebanking.testCases.FirstRunner@5fe94a96]" name="runScenario" class="io.cucumber.testng.AbstractTestNGCucumberTests"/>
      </group> <!-- cucumber -->
    </groups>
    <test started-at="2022-01-09T21:16:47 IST" name="Default test" finished-at="2022-01-09T21:19:21 IST" duration-ms="154272">
      <class name="com.ebanking.testCases.FirstRunner">
        <test-method is-config="true" signature="setUpClass()[pri:0, instance:com.ebanking.testCases.FirstRunner@5fe94a96]" started-at="2022-01-09T21:16:47 IST" name="setUpClass" finished-at="2022-01-09T21:16:47 IST" duration-ms="434" status="PASS">
          <reporter-output>
          </reporter-output>
        </test-method> <!-- setUpClass -->
        <test-method signature="runScenario(io.cucumber.testng.PickleWrapper,io.cucumber.testng.FeatureWrapper)[pri:0, instance:com.ebanking.testCases.FirstRunner@5fe94a96]" started-at="2022-01-09T21:16:47 IST" name="runScenario" description="Runs Cucumber Scenarios" data-provider="scenarios" finished-at="2022-01-09T21:19:20 IST" duration-ms="153164" status="PASS">
          <params>
            <param index="0">
              <value>
                <![CDATA["verify login of ebanking home page"]]>
              </value>
            </param>
            <param index="1">
              <value>
                <![CDATA["Optional[To check the login functionality of banking application]"]]>
              </value>
            </param>
          </params>
          <reporter-output>
          </reporter-output>
        </test-method> <!-- runScenario -->
        <test-method is-config="true" signature="tearDownClass()[pri:0, instance:com.ebanking.testCases.FirstRunner@5fe94a96]" started-at="2022-01-09T21:19:21 IST" name="tearDownClass" finished-at="2022-01-09T21:19:21 IST" duration-ms="377" status="PASS">
          <reporter-output>
          </reporter-output>
        </test-method> <!-- tearDownClass -->
      </class> <!-- com.ebanking.testCases.FirstRunner -->
    </test> <!-- Default test -->
  </suite> <!-- Default suite -->
</testng-results>
