<?xml version="1.0" encoding="UTF-8"?>
<!-- Generated by org.testng.reporters.JUnitXMLReporter -->
<testsuite ignored="0" hostname="LAPTOP-HSEHE341" failures="1" tests="1" name="BankingApp Test" time="24.412" errors="0" timestamp="2022-01-09T20:04:26 IST">
  <testcase classname="io.cucumber.testng.AbstractTestNGCucumberTests" name="runScenario" time="23.47">
    <failure type="java.lang.NullPointerException" message="Cannot invoke &amp;quot;org.testng.asserts.Assertion.assertFalse(boolean)&amp;quot; because &amp;quot;com.ebanking.testCases.TC_LoginPage_1.asserter&amp;quot; is null">
      <![CDATA[java.lang.NullPointerException: Cannot invoke "org.testng.asserts.Assertion.assertFalse(boolean)" because "com.ebanking.testCases.TC_LoginPage_1.asserter" is null
at com.ebanking.testCases.TC_LoginPage_1.user_can_verify_the_title(TC_LoginPage_1.java:129)
at ✽.user can verify the title(file:///D:/git/BDD_YOUTUBE_ENGLISH/Ebankproject/src/test/resources/Features/LoginPage.feature:9)
]]>
    </failure>
  </testcase> <!-- runScenario -->
</testsuite> <!-- BankingApp Test -->
